CRITICAL - 2020-09-22 00:04:51 --> Undefined variable: judul
#0 D:\web\antrian\app\Views\frontend\index.php(4): CodeIgniter\Debug\Exceptions->errorHandler(8, 'Undefined varia...', 'D:\\web\\antrian\\...', 4, Array)
#1 D:\web\antrian\vendor\codeigniter4\framework\system\View\View.php(246): include('D:\\web\\antrian\\...')
#2 D:\web\antrian\vendor\codeigniter4\framework\system\Common.php(1119): CodeIgniter\View\View->render('frontend/index', Array, true)
#3 D:\web\antrian\app\Controllers\Home.php(7): view('frontend/index')
#4 D:\web\antrian\vendor\codeigniter4\framework\system\CodeIgniter.php(918): App\Controllers\Home->index()
#5 D:\web\antrian\vendor\codeigniter4\framework\system\CodeIgniter.php(404): CodeIgniter\CodeIgniter->runController(Object(App\Controllers\Home))
#6 D:\web\antrian\vendor\codeigniter4\framework\system\CodeIgniter.php(312): CodeIgniter\CodeIgniter->handleRequest(NULL, Object(Config\Cache), false)
#7 D:\web\antrian\public\index.php(45): CodeIgniter\CodeIgniter->run()
#8 D:\web\antrian\vendor\codeigniter4\framework\system\Commands\Server\rewrite.php(34): require_once('D:\\web\\antrian\\...')
#9 {main}
CRITICAL - 2020-09-22 00:14:44 --> Undefined variable: judul
#0 D:\web\antrian\app\Views\frontend\index.php(4): CodeIgniter\Debug\Exceptions->errorHandler(8, 'Undefined varia...', 'D:\\web\\antrian\\...', 4, Array)
#1 D:\web\antrian\vendor\codeigniter4\framework\system\View\View.php(246): include('D:\\web\\antrian\\...')
#2 D:\web\antrian\vendor\codeigniter4\framework\system\Common.php(1119): CodeIgniter\View\View->render('frontend/index', Array, true)
#3 D:\web\antrian\app\Controllers\Home.php(7): view('frontend/index')
#4 D:\web\antrian\vendor\codeigniter4\framework\system\CodeIgniter.php(918): App\Controllers\Home->index()
#5 D:\web\antrian\vendor\codeigniter4\framework\system\CodeIgniter.php(404): CodeIgniter\CodeIgniter->runController(Object(App\Controllers\Home))
#6 D:\web\antrian\vendor\codeigniter4\framework\system\CodeIgniter.php(312): CodeIgniter\CodeIgniter->handleRequest(NULL, Object(Config\Cache), false)
#7 D:\web\antrian\public\index.php(45): CodeIgniter\CodeIgniter->run()
#8 D:\web\antrian\vendor\codeigniter4\framework\system\Commands\Server\rewrite.php(34): require_once('D:\\web\\antrian\\...')
#9 {main}
CRITICAL - 2020-09-22 00:14:45 --> Undefined variable: judul
#0 D:\web\antrian\app\Views\frontend\index.php(4): CodeIgniter\Debug\Exceptions->errorHandler(8, 'Undefined varia...', 'D:\\web\\antrian\\...', 4, Array)
#1 D:\web\antrian\vendor\codeigniter4\framework\system\View\View.php(246): include('D:\\web\\antrian\\...')
#2 D:\web\antrian\vendor\codeigniter4\framework\system\Common.php(1119): CodeIgniter\View\View->render('frontend/index', Array, true)
#3 D:\web\antrian\app\Controllers\Home.php(7): view('frontend/index')
#4 D:\web\antrian\vendor\codeigniter4\framework\system\CodeIgniter.php(918): App\Controllers\Home->index()
#5 D:\web\antrian\vendor\codeigniter4\framework\system\CodeIgniter.php(404): CodeIgniter\CodeIgniter->runController(Object(App\Controllers\Home))
#6 D:\web\antrian\vendor\codeigniter4\framework\system\CodeIgniter.php(312): CodeIgniter\CodeIgniter->handleRequest(NULL, Object(Config\Cache), false)
#7 D:\web\antrian\public\index.php(45): CodeIgniter\CodeIgniter->run()
#8 D:\web\antrian\vendor\codeigniter4\framework\system\Commands\Server\rewrite.php(34): require_once('D:\\web\\antrian\\...')
#9 {main}
CRITICAL - 2020-09-22 00:14:46 --> Undefined variable: judul
#0 D:\web\antrian\app\Views\frontend\index.php(4): CodeIgniter\Debug\Exceptions->errorHandler(8, 'Undefined varia...', 'D:\\web\\antrian\\...', 4, Array)
#1 D:\web\antrian\vendor\codeigniter4\framework\system\View\View.php(246): include('D:\\web\\antrian\\...')
#2 D:\web\antrian\vendor\codeigniter4\framework\system\Common.php(1119): CodeIgniter\View\View->render('frontend/index', Array, true)
#3 D:\web\antrian\app\Controllers\Home.php(7): view('frontend/index')
#4 D:\web\antrian\vendor\codeigniter4\framework\system\CodeIgniter.php(918): App\Controllers\Home->index()
#5 D:\web\antrian\vendor\codeigniter4\framework\system\CodeIgniter.php(404): CodeIgniter\CodeIgniter->runController(Object(App\Controllers\Home))
#6 D:\web\antrian\vendor\codeigniter4\framework\system\CodeIgniter.php(312): CodeIgniter\CodeIgniter->handleRequest(NULL, Object(Config\Cache), false)
#7 D:\web\antrian\public\index.php(45): CodeIgniter\CodeIgniter->run()
#8 D:\web\antrian\vendor\codeigniter4\framework\system\Commands\Server\rewrite.php(34): require_once('D:\\web\\antrian\\...')
#9 {main}
CRITICAL - 2020-09-22 00:14:46 --> Undefined variable: judul
#0 D:\web\antrian\app\Views\frontend\index.php(4): CodeIgniter\Debug\Exceptions->errorHandler(8, 'Undefined varia...', 'D:\\web\\antrian\\...', 4, Array)
#1 D:\web\antrian\vendor\codeigniter4\framework\system\View\View.php(246): include('D:\\web\\antrian\\...')
#2 D:\web\antrian\vendor\codeigniter4\framework\system\Common.php(1119): CodeIgniter\View\View->render('frontend/index', Array, true)
#3 D:\web\antrian\app\Controllers\Home.php(7): view('frontend/index')
#4 D:\web\antrian\vendor\codeigniter4\framework\system\CodeIgniter.php(918): App\Controllers\Home->index()
#5 D:\web\antrian\vendor\codeigniter4\framework\system\CodeIgniter.php(404): CodeIgniter\CodeIgniter->runController(Object(App\Controllers\Home))
#6 D:\web\antrian\vendor\codeigniter4\framework\system\CodeIgniter.php(312): CodeIgniter\CodeIgniter->handleRequest(NULL, Object(Config\Cache), false)
#7 D:\web\antrian\public\index.php(45): CodeIgniter\CodeIgniter->run()
#8 D:\web\antrian\vendor\codeigniter4\framework\system\Commands\Server\rewrite.php(34): require_once('D:\\web\\antrian\\...')
#9 {main}
CRITICAL - 2020-09-22 00:14:46 --> Undefined variable: judul
#0 D:\web\antrian\app\Views\frontend\index.php(4): CodeIgniter\Debug\Exceptions->errorHandler(8, 'Undefined varia...', 'D:\\web\\antrian\\...', 4, Array)
#1 D:\web\antrian\vendor\codeigniter4\framework\system\View\View.php(246): include('D:\\web\\antrian\\...')
#2 D:\web\antrian\vendor\codeigniter4\framework\system\Common.php(1119): CodeIgniter\View\View->render('frontend/index', Array, true)
#3 D:\web\antrian\app\Controllers\Home.php(7): view('frontend/index')
#4 D:\web\antrian\vendor\codeigniter4\framework\system\CodeIgniter.php(918): App\Controllers\Home->index()
#5 D:\web\antrian\vendor\codeigniter4\framework\system\CodeIgniter.php(404): CodeIgniter\CodeIgniter->runController(Object(App\Controllers\Home))
#6 D:\web\antrian\vendor\codeigniter4\framework\system\CodeIgniter.php(312): CodeIgniter\CodeIgniter->handleRequest(NULL, Object(Config\Cache), false)
#7 D:\web\antrian\public\index.php(45): CodeIgniter\CodeIgniter->run()
#8 D:\web\antrian\vendor\codeigniter4\framework\system\Commands\Server\rewrite.php(34): require_once('D:\\web\\antrian\\...')
#9 {main}
CRITICAL - 2020-09-22 00:15:09 --> Undefined variable: judul
#0 D:\web\antrian\app\Views\frontend\index.php(4): CodeIgniter\Debug\Exceptions->errorHandler(8, 'Undefined varia...', 'D:\\web\\antrian\\...', 4, Array)
#1 D:\web\antrian\vendor\codeigniter4\framework\system\View\View.php(246): include('D:\\web\\antrian\\...')
#2 D:\web\antrian\vendor\codeigniter4\framework\system\Common.php(1119): CodeIgniter\View\View->render('frontend/index', Array, true)
#3 D:\web\antrian\app\Controllers\Home.php(7): view('frontend/index')
#4 D:\web\antrian\vendor\codeigniter4\framework\system\CodeIgniter.php(918): App\Controllers\Home->index()
#5 D:\web\antrian\vendor\codeigniter4\framework\system\CodeIgniter.php(404): CodeIgniter\CodeIgniter->runController(Object(App\Controllers\Home))
#6 D:\web\antrian\vendor\codeigniter4\framework\system\CodeIgniter.php(312): CodeIgniter\CodeIgniter->handleRequest(NULL, Object(Config\Cache), false)
#7 D:\web\antrian\public\index.php(45): CodeIgniter\CodeIgniter->run()
#8 D:\web\antrian\vendor\codeigniter4\framework\system\Commands\Server\rewrite.php(34): require_once('D:\\web\\antrian\\...')
#9 {main}
CRITICAL - 2020-09-22 00:15:10 --> Undefined variable: judul
#0 D:\web\antrian\app\Views\frontend\index.php(4): CodeIgniter\Debug\Exceptions->errorHandler(8, 'Undefined varia...', 'D:\\web\\antrian\\...', 4, Array)
#1 D:\web\antrian\vendor\codeigniter4\framework\system\View\View.php(246): include('D:\\web\\antrian\\...')
#2 D:\web\antrian\vendor\codeigniter4\framework\system\Common.php(1119): CodeIgniter\View\View->render('frontend/index', Array, true)
#3 D:\web\antrian\app\Controllers\Home.php(7): view('frontend/index')
#4 D:\web\antrian\vendor\codeigniter4\framework\system\CodeIgniter.php(918): App\Controllers\Home->index()
#5 D:\web\antrian\vendor\codeigniter4\framework\system\CodeIgniter.php(404): CodeIgniter\CodeIgniter->runController(Object(App\Controllers\Home))
#6 D:\web\antrian\vendor\codeigniter4\framework\system\CodeIgniter.php(312): CodeIgniter\CodeIgniter->handleRequest(NULL, Object(Config\Cache), false)
#7 D:\web\antrian\public\index.php(45): CodeIgniter\CodeIgniter->run()
#8 D:\web\antrian\vendor\codeigniter4\framework\system\Commands\Server\rewrite.php(34): require_once('D:\\web\\antrian\\...')
#9 {main}
CRITICAL - 2020-09-22 00:15:10 --> Undefined variable: judul
#0 D:\web\antrian\app\Views\frontend\index.php(4): CodeIgniter\Debug\Exceptions->errorHandler(8, 'Undefined varia...', 'D:\\web\\antrian\\...', 4, Array)
#1 D:\web\antrian\vendor\codeigniter4\framework\system\View\View.php(246): include('D:\\web\\antrian\\...')
#2 D:\web\antrian\vendor\codeigniter4\framework\system\Common.php(1119): CodeIgniter\View\View->render('frontend/index', Array, true)
#3 D:\web\antrian\app\Controllers\Home.php(7): view('frontend/index')
#4 D:\web\antrian\vendor\codeigniter4\framework\system\CodeIgniter.php(918): App\Controllers\Home->index()
#5 D:\web\antrian\vendor\codeigniter4\framework\system\CodeIgniter.php(404): CodeIgniter\CodeIgniter->runController(Object(App\Controllers\Home))
#6 D:\web\antrian\vendor\codeigniter4\framework\system\CodeIgniter.php(312): CodeIgniter\CodeIgniter->handleRequest(NULL, Object(Config\Cache), false)
#7 D:\web\antrian\public\index.php(45): CodeIgniter\CodeIgniter->run()
#8 D:\web\antrian\vendor\codeigniter4\framework\system\Commands\Server\rewrite.php(34): require_once('D:\\web\\antrian\\...')
#9 {main}
CRITICAL - 2020-09-22 00:15:10 --> Undefined variable: judul
#0 D:\web\antrian\app\Views\frontend\index.php(4): CodeIgniter\Debug\Exceptions->errorHandler(8, 'Undefined varia...', 'D:\\web\\antrian\\...', 4, Array)
#1 D:\web\antrian\vendor\codeigniter4\framework\system\View\View.php(246): include('D:\\web\\antrian\\...')
#2 D:\web\antrian\vendor\codeigniter4\framework\system\Common.php(1119): CodeIgniter\View\View->render('frontend/index', Array, true)
#3 D:\web\antrian\app\Controllers\Home.php(7): view('frontend/index')
#4 D:\web\antrian\vendor\codeigniter4\framework\system\CodeIgniter.php(918): App\Controllers\Home->index()
#5 D:\web\antrian\vendor\codeigniter4\framework\system\CodeIgniter.php(404): CodeIgniter\CodeIgniter->runController(Object(App\Controllers\Home))
#6 D:\web\antrian\vendor\codeigniter4\framework\system\CodeIgniter.php(312): CodeIgniter\CodeIgniter->handleRequest(NULL, Object(Config\Cache), false)
#7 D:\web\antrian\public\index.php(45): CodeIgniter\CodeIgniter->run()
#8 D:\web\antrian\vendor\codeigniter4\framework\system\Commands\Server\rewrite.php(34): require_once('D:\\web\\antrian\\...')
#9 {main}
CRITICAL - 2020-09-22 00:15:10 --> Undefined variable: judul
#0 D:\web\antrian\app\Views\frontend\index.php(4): CodeIgniter\Debug\Exceptions->errorHandler(8, 'Undefined varia...', 'D:\\web\\antrian\\...', 4, Array)
#1 D:\web\antrian\vendor\codeigniter4\framework\system\View\View.php(246): include('D:\\web\\antrian\\...')
#2 D:\web\antrian\vendor\codeigniter4\framework\system\Common.php(1119): CodeIgniter\View\View->render('frontend/index', Array, true)
#3 D:\web\antrian\app\Controllers\Home.php(7): view('frontend/index')
#4 D:\web\antrian\vendor\codeigniter4\framework\system\CodeIgniter.php(918): App\Controllers\Home->index()
#5 D:\web\antrian\vendor\codeigniter4\framework\system\CodeIgniter.php(404): CodeIgniter\CodeIgniter->runController(Object(App\Controllers\Home))
#6 D:\web\antrian\vendor\codeigniter4\framework\system\CodeIgniter.php(312): CodeIgniter\CodeIgniter->handleRequest(NULL, Object(Config\Cache), false)
#7 D:\web\antrian\public\index.php(45): CodeIgniter\CodeIgniter->run()
#8 D:\web\antrian\vendor\codeigniter4\framework\system\Commands\Server\rewrite.php(34): require_once('D:\\web\\antrian\\...')
#9 {main}
CRITICAL - 2020-09-22 00:15:11 --> Undefined variable: judul
#0 D:\web\antrian\app\Views\frontend\index.php(4): CodeIgniter\Debug\Exceptions->errorHandler(8, 'Undefined varia...', 'D:\\web\\antrian\\...', 4, Array)
#1 D:\web\antrian\vendor\codeigniter4\framework\system\View\View.php(246): include('D:\\web\\antrian\\...')
#2 D:\web\antrian\vendor\codeigniter4\framework\system\Common.php(1119): CodeIgniter\View\View->render('frontend/index', Array, true)
#3 D:\web\antrian\app\Controllers\Home.php(7): view('frontend/index')
#4 D:\web\antrian\vendor\codeigniter4\framework\system\CodeIgniter.php(918): App\Controllers\Home->index()
#5 D:\web\antrian\vendor\codeigniter4\framework\system\CodeIgniter.php(404): CodeIgniter\CodeIgniter->runController(Object(App\Controllers\Home))
#6 D:\web\antrian\vendor\codeigniter4\framework\system\CodeIgniter.php(312): CodeIgniter\CodeIgniter->handleRequest(NULL, Object(Config\Cache), false)
#7 D:\web\antrian\public\index.php(45): CodeIgniter\CodeIgniter->run()
#8 D:\web\antrian\vendor\codeigniter4\framework\system\Commands\Server\rewrite.php(34): require_once('D:\\web\\antrian\\...')
#9 {main}
CRITICAL - 2020-09-22 00:15:11 --> Undefined variable: judul
#0 D:\web\antrian\app\Views\frontend\index.php(4): CodeIgniter\Debug\Exceptions->errorHandler(8, 'Undefined varia...', 'D:\\web\\antrian\\...', 4, Array)
#1 D:\web\antrian\vendor\codeigniter4\framework\system\View\View.php(246): include('D:\\web\\antrian\\...')
#2 D:\web\antrian\vendor\codeigniter4\framework\system\Common.php(1119): CodeIgniter\View\View->render('frontend/index', Array, true)
#3 D:\web\antrian\app\Controllers\Home.php(7): view('frontend/index')
#4 D:\web\antrian\vendor\codeigniter4\framework\system\CodeIgniter.php(918): App\Controllers\Home->index()
#5 D:\web\antrian\vendor\codeigniter4\framework\system\CodeIgniter.php(404): CodeIgniter\CodeIgniter->runController(Object(App\Controllers\Home))
#6 D:\web\antrian\vendor\codeigniter4\framework\system\CodeIgniter.php(312): CodeIgniter\CodeIgniter->handleRequest(NULL, Object(Config\Cache), false)
#7 D:\web\antrian\public\index.php(45): CodeIgniter\CodeIgniter->run()
#8 D:\web\antrian\vendor\codeigniter4\framework\system\Commands\Server\rewrite.php(34): require_once('D:\\web\\antrian\\...')
#9 {main}
